2025-07-18 16:45:50 [background-preinit] INFO  o.h.validator.internal.util.Version - HV000001: Hibernate Validator 8.0.2.Final
2025-07-18 16:45:50 [main] INFO  com.projectx.root.RootApplication - Starting RootApplication using Java 23.0.2 with PID 24376 (C:\Users\emirh\Documents\Projects\Project-X\Root\target\classes started by emirh in C:\Users\emirh\Documents\Projects\Project-X\Root)
2025-07-18 16:45:50 [main] INFO  com.projectx.root.RootApplication - No active profile set, falling back to 1 default profile: "default"
2025-07-18 16:45:50 [main] INFO  o.s.d.r.c.RepositoryConfigurationDelegate - Bootstrapping Spring Data JPA repositories in DEFAULT mode.
2025-07-18 16:45:50 [main] INFO  o.s.d.r.c.RepositoryConfigurationDelegate - Finished Spring Data repository scanning in 37 ms. Found 1 JPA repository interface.
2025-07-18 16:45:51 [main] INFO  o.s.b.w.e.tomcat.TomcatWebServer - Tomcat initialized with port 8080 (http)
2025-07-18 16:45:51 [main] INFO  o.a.coyote.http11.Http11NioProtocol - Initializing ProtocolHandler ["http-nio-8080"]
2025-07-18 16:45:51 [main] INFO  o.a.catalina.core.StandardService - Starting service [Tomcat]
2025-07-18 16:45:51 [main] INFO  o.a.catalina.core.StandardEngine - Starting Servlet engine: [Apache Tomcat/10.1.42]
2025-07-18 16:45:51 [main] INFO  o.a.c.c.C.[Tomcat].[localhost].[/] - Initializing Spring embedded WebApplicationContext
2025-07-18 16:45:51 [main] INFO  o.s.b.w.s.c.ServletWebServerApplicationContext - Root WebApplicationContext: initialization completed in 1344 ms
2025-07-18 16:45:51 [main] INFO  o.h.jpa.internal.util.LogHelper - HHH000204: Processing PersistenceUnitInfo [name: default]
2025-07-18 16:45:51 [main] INFO  org.hibernate.Version - HHH000412: Hibernate ORM core version 6.6.18.Final
2025-07-18 16:45:51 [main] INFO  o.h.c.i.RegionFactoryInitiator - HHH000026: Second-level cache disabled
2025-07-18 16:45:52 [main] INFO  o.s.o.j.p.SpringPersistenceUnitInfo - No LoadTimeWeaver setup: ignoring JPA class transformer
2025-07-18 16:45:52 [main] INFO  com.zaxxer.hikari.HikariDataSource - HikariPool-1 - Starting...
2025-07-18 16:45:52 [main] INFO  com.zaxxer.hikari.pool.HikariPool - HikariPool-1 - Added connection conn0: url=jdbc:h2:mem:testdb user=SA
2025-07-18 16:45:52 [main] INFO  com.zaxxer.hikari.HikariDataSource - HikariPool-1 - Start completed.
2025-07-18 16:45:52 [main] WARN  org.hibernate.orm.deprecation - HHH90000025: H2Dialect does not need to be specified explicitly using 'hibernate.dialect' (remove the property setting and it will be selected by default)
2025-07-18 16:45:52 [main] INFO  o.hibernate.orm.connections.pooling - HHH10001005: Database info:
	Database JDBC URL [Connecting through datasource 'HikariDataSource (HikariPool-1)']
	Database driver: undefined/unknown
	Database version: 2.3.232
	Autocommit mode: undefined/unknown
	Isolation level: undefined/unknown
	Minimum pool size: undefined/unknown
	Maximum pool size: undefined/unknown
2025-07-18 16:45:53 [main] INFO  o.h.e.t.j.p.i.JtaPlatformInitiator - HHH000489: No JTA platform available (set 'hibernate.transaction.jta.platform' to enable JTA platform integration)
2025-07-18 16:45:53 [main] DEBUG org.hibernate.SQL - 
    drop table if exists user_roles cascade 
2025-07-18 16:45:53 [main] DEBUG org.hibernate.SQL - 
    drop table if exists users cascade 
2025-07-18 16:45:53 [main] DEBUG org.hibernate.SQL - 
    create table user_roles (
        user_id bigint not null,
        role enum ('ADMIN','MEMBER')
    )
2025-07-18 16:45:53 [main] DEBUG org.hibernate.SQL - 
    create table users (
        id bigint generated by default as identity,
        password varchar(255) not null,
        username varchar(255) not null unique,
        primary key (id)
    )
2025-07-18 16:45:53 [main] DEBUG org.hibernate.SQL - 
    alter table if exists user_roles 
       add constraint FKhfh9dx7w3ubf1co1vdev94g3f 
       foreign key (user_id) 
       references users
2025-07-18 16:45:53 [main] INFO  o.s.o.j.LocalContainerEntityManagerFactoryBean - Initialized JPA EntityManagerFactory for persistence unit 'default'
2025-07-18 16:45:53 [main] DEBUG c.p.c.c.s.JwtAuthenticationFilter - Filter 'jwtAuthenticationFilter' configured for use
2025-07-18 16:45:53 [main] WARN  o.s.b.a.o.j.JpaBaseConfiguration$JpaWebConfiguration - spring.jpa.open-in-view is enabled by default. Therefore, database queries may be performed during view rendering. Explicitly configure spring.jpa.open-in-view to disable this warning
2025-07-18 16:45:53 [main] INFO  o.s.s.c.a.a.c.InitializeUserDetailsBeanManagerConfigurer$InitializeUserDetailsManagerConfigurer - Global AuthenticationManager configured with UserDetailsService bean with name customUserDetailsService
2025-07-18 16:45:53 [main] INFO  c.p.c.config.security.SecurityConfig - Configuring Security Filter Chain
2025-07-18 16:45:53 [main] DEBUG c.p.c.config.security.SecurityConfig - JWT Authentication Filter added to security chain
2025-07-18 16:45:53 [main] INFO  c.p.c.config.security.SecurityConfig - Security Filter Chain configuration completed
2025-07-18 16:45:54 [main] INFO  o.s.b.a.h.H2ConsoleAutoConfiguration - H2 console available at '/h2-console'. Database available at 'jdbc:h2:mem:testdb'
2025-07-18 16:45:54 [main] INFO  o.a.coyote.http11.Http11NioProtocol - Starting ProtocolHandler ["http-nio-8080"]
2025-07-18 16:45:54 [main] INFO  o.s.b.w.e.tomcat.TomcatWebServer - Tomcat started on port 8080 (http) with context path '/'
2025-07-18 16:45:54 [main] INFO  com.projectx.root.RootApplication - Started RootApplication in 4.494 seconds (process running for 4.851)
2025-07-18 16:45:54 [main] INFO  com.projectx.root.RootApplication - Root Application started successfully
2025-07-18 16:46:07 [http-nio-8080-exec-3] INFO  o.a.c.c.C.[Tomcat].[localhost].[/] - Initializing Spring DispatcherServlet 'dispatcherServlet'
2025-07-18 16:46:07 [http-nio-8080-exec-3] INFO  o.s.web.servlet.DispatcherServlet - Initializing Servlet 'dispatcherServlet'
2025-07-18 16:46:07 [http-nio-8080-exec-3] INFO  o.s.web.servlet.DispatcherServlet - Completed initialization in 4 ms
2025-07-18 16:46:07 [http-nio-8080-exec-3] DEBUG c.p.c.c.s.JwtAuthenticationFilter - Processing JWT authentication for request: /api/public
2025-07-18 16:46:07 [http-nio-8080-exec-3] DEBUG c.p.c.c.s.JwtAuthenticationFilter - No valid Authorization header found
2025-07-18 16:48:05 [background-preinit] INFO  o.h.validator.internal.util.Version - HV000001: Hibernate Validator 8.0.2.Final
2025-07-18 16:48:05 [main] INFO  com.projectx.root.RootApplication - Starting RootApplication using Java 23.0.2 with PID 14728 (C:\Users\emirh\Documents\Projects\Project-X\Root\target\classes started by emirh in C:\Users\emirh\Documents\Projects\Project-X\Root)
2025-07-18 16:48:05 [main] INFO  com.projectx.root.RootApplication - No active profile set, falling back to 1 default profile: "default"
2025-07-18 16:48:06 [main] INFO  o.s.d.r.c.RepositoryConfigurationDelegate - Bootstrapping Spring Data JPA repositories in DEFAULT mode.
2025-07-18 16:48:06 [main] INFO  o.s.d.r.c.RepositoryConfigurationDelegate - Finished Spring Data repository scanning in 64 ms. Found 1 JPA repository interface.
2025-07-18 16:48:07 [main] INFO  o.s.b.w.e.tomcat.TomcatWebServer - Tomcat initialized with port 8080 (http)
2025-07-18 16:48:07 [main] INFO  o.a.coyote.http11.Http11NioProtocol - Initializing ProtocolHandler ["http-nio-8080"]
2025-07-18 16:48:07 [main] INFO  o.a.catalina.core.StandardService - Starting service [Tomcat]
2025-07-18 16:48:07 [main] INFO  o.a.catalina.core.StandardEngine - Starting Servlet engine: [Apache Tomcat/10.1.42]
2025-07-18 16:48:07 [main] INFO  o.a.c.c.C.[Tomcat].[localhost].[/] - Initializing Spring embedded WebApplicationContext
2025-07-18 16:48:07 [main] INFO  o.s.b.w.s.c.ServletWebServerApplicationContext - Root WebApplicationContext: initialization completed in 1801 ms
2025-07-18 16:48:07 [main] INFO  o.h.jpa.internal.util.LogHelper - HHH000204: Processing PersistenceUnitInfo [name: default]
2025-07-18 16:48:07 [main] INFO  org.hibernate.Version - HHH000412: Hibernate ORM core version 6.6.18.Final
2025-07-18 16:48:08 [main] INFO  o.h.c.i.RegionFactoryInitiator - HHH000026: Second-level cache disabled
2025-07-18 16:48:08 [main] INFO  o.s.o.j.p.SpringPersistenceUnitInfo - No LoadTimeWeaver setup: ignoring JPA class transformer
2025-07-18 16:48:08 [main] INFO  com.zaxxer.hikari.HikariDataSource - HikariPool-1 - Starting...
2025-07-18 16:48:08 [main] INFO  com.zaxxer.hikari.pool.HikariPool - HikariPool-1 - Added connection conn0: url=jdbc:h2:mem:testdb user=SA
2025-07-18 16:48:08 [main] INFO  com.zaxxer.hikari.HikariDataSource - HikariPool-1 - Start completed.
2025-07-18 16:48:08 [main] WARN  org.hibernate.orm.deprecation - HHH90000025: H2Dialect does not need to be specified explicitly using 'hibernate.dialect' (remove the property setting and it will be selected by default)
2025-07-18 16:48:08 [main] INFO  o.hibernate.orm.connections.pooling - HHH10001005: Database info:
	Database JDBC URL [Connecting through datasource 'HikariDataSource (HikariPool-1)']
	Database driver: undefined/unknown
	Database version: 2.3.232
	Autocommit mode: undefined/unknown
	Isolation level: undefined/unknown
	Minimum pool size: undefined/unknown
	Maximum pool size: undefined/unknown
2025-07-18 16:48:09 [main] INFO  o.h.e.t.j.p.i.JtaPlatformInitiator - HHH000489: No JTA platform available (set 'hibernate.transaction.jta.platform' to enable JTA platform integration)
2025-07-18 16:48:09 [main] DEBUG org.hibernate.SQL - 
    drop table if exists user_roles cascade 
2025-07-18 16:48:09 [main] DEBUG org.hibernate.SQL - 
    drop table if exists users cascade 
2025-07-18 16:48:09 [main] DEBUG org.hibernate.SQL - 
    create table user_roles (
        user_id bigint not null,
        role enum ('ADMIN','MEMBER')
    )
2025-07-18 16:48:09 [main] DEBUG org.hibernate.SQL - 
    create table users (
        id bigint generated by default as identity,
        password varchar(255) not null,
        username varchar(255) not null unique,
        primary key (id)
    )
2025-07-18 16:48:09 [main] DEBUG org.hibernate.SQL - 
    alter table if exists user_roles 
       add constraint FKhfh9dx7w3ubf1co1vdev94g3f 
       foreign key (user_id) 
       references users
2025-07-18 16:48:10 [main] INFO  o.s.o.j.LocalContainerEntityManagerFactoryBean - Initialized JPA EntityManagerFactory for persistence unit 'default'
2025-07-18 16:48:10 [main] DEBUG c.p.c.c.s.JwtAuthenticationFilter - Filter 'jwtAuthenticationFilter' configured for use
2025-07-18 16:48:10 [main] WARN  o.s.b.a.o.j.JpaBaseConfiguration$JpaWebConfiguration - spring.jpa.open-in-view is enabled by default. Therefore, database queries may be performed during view rendering. Explicitly configure spring.jpa.open-in-view to disable this warning
2025-07-18 16:48:10 [main] INFO  o.s.s.c.a.a.c.InitializeUserDetailsBeanManagerConfigurer$InitializeUserDetailsManagerConfigurer - Global AuthenticationManager configured with UserDetailsService bean with name customUserDetailsService
2025-07-18 16:48:10 [main] INFO  c.p.c.config.security.SecurityConfig - Configuring Security Filter Chain
2025-07-18 16:48:10 [main] DEBUG c.p.c.config.security.SecurityConfig - JWT Authentication Filter added to security chain
2025-07-18 16:48:10 [main] INFO  c.p.c.config.security.SecurityConfig - Security Filter Chain configuration completed
2025-07-18 16:48:11 [main] INFO  o.s.b.a.h.H2ConsoleAutoConfiguration - H2 console available at '/h2-console'. Database available at 'jdbc:h2:mem:testdb'
2025-07-18 16:48:11 [main] INFO  o.a.coyote.http11.Http11NioProtocol - Starting ProtocolHandler ["http-nio-8080"]
2025-07-18 16:48:11 [main] INFO  o.s.b.w.e.tomcat.TomcatWebServer - Tomcat started on port 8080 (http) with context path '/'
2025-07-18 16:48:11 [main] INFO  com.projectx.root.RootApplication - Started RootApplication in 6.573 seconds (process running for 7.2)
2025-07-18 16:48:11 [main] INFO  com.projectx.root.RootApplication - Root Application started successfully
2025-07-18 16:48:18 [http-nio-8080-exec-1] INFO  o.a.c.c.C.[Tomcat].[localhost].[/] - Initializing Spring DispatcherServlet 'dispatcherServlet'
2025-07-18 16:48:18 [http-nio-8080-exec-1] INFO  o.s.web.servlet.DispatcherServlet - Initializing Servlet 'dispatcherServlet'
2025-07-18 16:48:18 [http-nio-8080-exec-1] INFO  o.s.web.servlet.DispatcherServlet - Completed initialization in 4 ms
2025-07-18 16:48:18 [http-nio-8080-exec-1] DEBUG c.p.c.c.s.JwtAuthenticationFilter - Processing JWT authentication for request: /api/public
2025-07-18 16:48:18 [http-nio-8080-exec-1] DEBUG c.p.c.c.s.JwtAuthenticationFilter - No valid Authorization header found
2025-07-18 16:49:57 [background-preinit] INFO  o.h.validator.internal.util.Version - HV000001: Hibernate Validator 8.0.2.Final
2025-07-18 16:49:57 [main] INFO  com.projectx.root.RootApplication - Starting RootApplication using Java 23.0.2 with PID 5296 (C:\Users\emirh\Documents\Projects\Project-X\Root\target\classes started by emirh in C:\Users\emirh\Documents\Projects\Project-X\Root)
2025-07-18 16:49:57 [main] INFO  com.projectx.root.RootApplication - No active profile set, falling back to 1 default profile: "default"
2025-07-18 16:49:58 [main] INFO  o.s.d.r.c.RepositoryConfigurationDelegate - Bootstrapping Spring Data JPA repositories in DEFAULT mode.
2025-07-18 16:49:58 [main] INFO  o.s.d.r.c.RepositoryConfigurationDelegate - Finished Spring Data repository scanning in 31 ms. Found 1 JPA repository interface.
2025-07-18 16:49:58 [main] INFO  o.s.b.w.e.tomcat.TomcatWebServer - Tomcat initialized with port 8080 (http)
2025-07-18 16:49:58 [main] INFO  o.a.coyote.http11.Http11NioProtocol - Initializing ProtocolHandler ["http-nio-8080"]
2025-07-18 16:49:58 [main] INFO  o.a.catalina.core.StandardService - Starting service [Tomcat]
2025-07-18 16:49:58 [main] INFO  o.a.catalina.core.StandardEngine - Starting Servlet engine: [Apache Tomcat/10.1.42]
2025-07-18 16:49:58 [main] INFO  o.a.c.c.C.[Tomcat].[localhost].[/] - Initializing Spring embedded WebApplicationContext
2025-07-18 16:49:58 [main] INFO  o.s.b.w.s.c.ServletWebServerApplicationContext - Root WebApplicationContext: initialization completed in 1280 ms
2025-07-18 16:49:59 [main] INFO  o.h.jpa.internal.util.LogHelper - HHH000204: Processing PersistenceUnitInfo [name: default]
2025-07-18 16:49:59 [main] INFO  org.hibernate.Version - HHH000412: Hibernate ORM core version 6.6.18.Final
2025-07-18 16:49:59 [main] INFO  o.h.c.i.RegionFactoryInitiator - HHH000026: Second-level cache disabled
2025-07-18 16:49:59 [main] INFO  o.s.o.j.p.SpringPersistenceUnitInfo - No LoadTimeWeaver setup: ignoring JPA class transformer
2025-07-18 16:49:59 [main] INFO  com.zaxxer.hikari.HikariDataSource - HikariPool-1 - Starting...
2025-07-18 16:49:59 [main] INFO  com.zaxxer.hikari.pool.HikariPool - HikariPool-1 - Added connection conn0: url=jdbc:h2:mem:testdb user=SA
2025-07-18 16:49:59 [main] INFO  com.zaxxer.hikari.HikariDataSource - HikariPool-1 - Start completed.
2025-07-18 16:49:59 [main] WARN  org.hibernate.orm.deprecation - HHH90000025: H2Dialect does not need to be specified explicitly using 'hibernate.dialect' (remove the property setting and it will be selected by default)
2025-07-18 16:49:59 [main] INFO  o.hibernate.orm.connections.pooling - HHH10001005: Database info:
	Database JDBC URL [Connecting through datasource 'HikariDataSource (HikariPool-1)']
	Database driver: undefined/unknown
	Database version: 2.3.232
	Autocommit mode: undefined/unknown
	Isolation level: undefined/unknown
	Minimum pool size: undefined/unknown
	Maximum pool size: undefined/unknown
2025-07-18 16:50:00 [main] INFO  o.h.e.t.j.p.i.JtaPlatformInitiator - HHH000489: No JTA platform available (set 'hibernate.transaction.jta.platform' to enable JTA platform integration)
2025-07-18 16:50:00 [main] DEBUG org.hibernate.SQL - 
    drop table if exists user_roles cascade 
2025-07-18 16:50:00 [main] DEBUG org.hibernate.SQL - 
    drop table if exists users cascade 
2025-07-18 16:50:00 [main] DEBUG org.hibernate.SQL - 
    create table user_roles (
        user_id bigint not null,
        role enum ('ADMIN','MEMBER')
    )
2025-07-18 16:50:00 [main] DEBUG org.hibernate.SQL - 
    create table users (
        id bigint generated by default as identity,
        password varchar(255) not null,
        username varchar(255) not null unique,
        primary key (id)
    )
2025-07-18 16:50:00 [main] DEBUG org.hibernate.SQL - 
    alter table if exists user_roles 
       add constraint FKhfh9dx7w3ubf1co1vdev94g3f 
       foreign key (user_id) 
       references users
2025-07-18 16:50:00 [main] INFO  o.s.o.j.LocalContainerEntityManagerFactoryBean - Initialized JPA EntityManagerFactory for persistence unit 'default'
2025-07-18 16:50:00 [main] DEBUG c.p.c.c.s.JwtAuthenticationFilter - Filter 'jwtAuthenticationFilter' configured for use
2025-07-18 16:50:00 [main] WARN  o.s.b.a.o.j.JpaBaseConfiguration$JpaWebConfiguration - spring.jpa.open-in-view is enabled by default. Therefore, database queries may be performed during view rendering. Explicitly configure spring.jpa.open-in-view to disable this warning
2025-07-18 16:50:00 [main] INFO  o.s.s.c.a.a.c.InitializeUserDetailsBeanManagerConfigurer$InitializeUserDetailsManagerConfigurer - Global AuthenticationManager configured with UserDetailsService bean with name customUserDetailsService
2025-07-18 16:50:00 [main] INFO  c.p.c.config.security.SecurityConfig - Configuring Security Filter Chain
2025-07-18 16:50:01 [main] DEBUG c.p.c.config.security.SecurityConfig - JWT Authentication Filter added to security chain
2025-07-18 16:50:01 [main] INFO  c.p.c.config.security.SecurityConfig - Security Filter Chain configuration completed
2025-07-18 16:50:01 [main] INFO  o.s.b.a.h.H2ConsoleAutoConfiguration - H2 console available at '/h2-console'. Database available at 'jdbc:h2:mem:testdb'
2025-07-18 16:50:01 [main] INFO  o.a.coyote.http11.Http11NioProtocol - Starting ProtocolHandler ["http-nio-8080"]
2025-07-18 16:50:01 [main] INFO  o.s.b.w.e.tomcat.TomcatWebServer - Tomcat started on port 8080 (http) with context path '/'
2025-07-18 16:50:01 [main] INFO  com.projectx.root.RootApplication - Started RootApplication in 4.322 seconds (process running for 4.661)
2025-07-18 16:50:01 [main] INFO  com.projectx.root.RootApplication - Root Application started successfully
2025-07-18 16:50:15 [http-nio-8080-exec-1] INFO  o.a.c.c.C.[Tomcat].[localhost].[/] - Initializing Spring DispatcherServlet 'dispatcherServlet'
2025-07-18 16:50:15 [http-nio-8080-exec-1] INFO  o.s.web.servlet.DispatcherServlet - Initializing Servlet 'dispatcherServlet'
2025-07-18 16:50:15 [http-nio-8080-exec-1] INFO  o.s.web.servlet.DispatcherServlet - Completed initialization in 1 ms
2025-07-18 16:50:15 [http-nio-8080-exec-1] DEBUG c.p.c.c.s.JwtAuthenticationFilter - Processing JWT authentication for request: /api/public
2025-07-18 16:50:15 [http-nio-8080-exec-1] DEBUG c.p.c.c.s.JwtAuthenticationFilter - No valid Authorization header found
2025-07-18 16:51:42 [background-preinit] INFO  o.h.validator.internal.util.Version - HV000001: Hibernate Validator 8.0.2.Final
2025-07-18 16:51:42 [main] INFO  com.projectx.root.RootApplication - Starting RootApplication using Java 23.0.2 with PID 10348 (C:\Users\emirh\Documents\Projects\Project-X\Root\target\classes started by emirh in C:\Users\emirh\Documents\Projects\Project-X\Root)
2025-07-18 16:51:42 [main] INFO  com.projectx.root.RootApplication - No active profile set, falling back to 1 default profile: "default"
2025-07-18 16:51:43 [main] INFO  o.s.d.r.c.RepositoryConfigurationDelegate - Bootstrapping Spring Data JPA repositories in DEFAULT mode.
2025-07-18 16:51:43 [main] INFO  o.s.d.r.c.RepositoryConfigurationDelegate - Finished Spring Data repository scanning in 27 ms. Found 1 JPA repository interface.
2025-07-18 16:51:43 [main] INFO  o.s.b.w.e.tomcat.TomcatWebServer - Tomcat initialized with port 8080 (http)
2025-07-18 16:51:43 [main] INFO  o.a.coyote.http11.Http11NioProtocol - Initializing ProtocolHandler ["http-nio-8080"]
2025-07-18 16:51:43 [main] INFO  o.a.catalina.core.StandardService - Starting service [Tomcat]
2025-07-18 16:51:43 [main] INFO  o.a.catalina.core.StandardEngine - Starting Servlet engine: [Apache Tomcat/10.1.42]
2025-07-18 16:51:43 [main] INFO  o.a.c.c.C.[Tomcat].[localhost].[/] - Initializing Spring embedded WebApplicationContext
2025-07-18 16:51:43 [main] INFO  o.s.b.w.s.c.ServletWebServerApplicationContext - Root WebApplicationContext: initialization completed in 1156 ms
2025-07-18 16:51:44 [main] INFO  o.h.jpa.internal.util.LogHelper - HHH000204: Processing PersistenceUnitInfo [name: default]
2025-07-18 16:51:44 [main] INFO  org.hibernate.Version - HHH000412: Hibernate ORM core version 6.6.18.Final
2025-07-18 16:51:44 [main] INFO  o.h.c.i.RegionFactoryInitiator - HHH000026: Second-level cache disabled
2025-07-18 16:51:44 [main] INFO  o.s.o.j.p.SpringPersistenceUnitInfo - No LoadTimeWeaver setup: ignoring JPA class transformer
2025-07-18 16:51:44 [main] INFO  com.zaxxer.hikari.HikariDataSource - HikariPool-1 - Starting...
2025-07-18 16:51:44 [main] INFO  com.zaxxer.hikari.pool.HikariPool - HikariPool-1 - Added connection conn0: url=jdbc:h2:mem:testdb user=SA
2025-07-18 16:51:44 [main] INFO  com.zaxxer.hikari.HikariDataSource - HikariPool-1 - Start completed.
2025-07-18 16:51:44 [main] WARN  org.hibernate.orm.deprecation - HHH90000025: H2Dialect does not need to be specified explicitly using 'hibernate.dialect' (remove the property setting and it will be selected by default)
2025-07-18 16:51:44 [main] INFO  o.hibernate.orm.connections.pooling - HHH10001005: Database info:
	Database JDBC URL [Connecting through datasource 'HikariDataSource (HikariPool-1)']
	Database driver: undefined/unknown
	Database version: 2.3.232
	Autocommit mode: undefined/unknown
	Isolation level: undefined/unknown
	Minimum pool size: undefined/unknown
	Maximum pool size: undefined/unknown
2025-07-18 16:51:45 [main] INFO  o.h.e.t.j.p.i.JtaPlatformInitiator - HHH000489: No JTA platform available (set 'hibernate.transaction.jta.platform' to enable JTA platform integration)
2025-07-18 16:51:45 [main] DEBUG org.hibernate.SQL - 
    drop table if exists user_roles cascade 
2025-07-18 16:51:45 [main] DEBUG org.hibernate.SQL - 
    drop table if exists users cascade 
2025-07-18 16:51:45 [main] DEBUG org.hibernate.SQL - 
    create table user_roles (
        user_id bigint not null,
        role enum ('ADMIN','MEMBER')
    )
2025-07-18 16:51:45 [main] DEBUG org.hibernate.SQL - 
    create table users (
        id bigint generated by default as identity,
        password varchar(255) not null,
        username varchar(255) not null unique,
        primary key (id)
    )
2025-07-18 16:51:45 [main] DEBUG org.hibernate.SQL - 
    alter table if exists user_roles 
       add constraint FKhfh9dx7w3ubf1co1vdev94g3f 
       foreign key (user_id) 
       references users
2025-07-18 16:51:45 [main] INFO  o.s.o.j.LocalContainerEntityManagerFactoryBean - Initialized JPA EntityManagerFactory for persistence unit 'default'
2025-07-18 16:51:45 [main] DEBUG c.p.c.c.s.JwtAuthenticationFilter - Filter 'jwtAuthenticationFilter' configured for use
2025-07-18 16:51:45 [main] WARN  o.s.b.a.o.j.JpaBaseConfiguration$JpaWebConfiguration - spring.jpa.open-in-view is enabled by default. Therefore, database queries may be performed during view rendering. Explicitly configure spring.jpa.open-in-view to disable this warning
2025-07-18 16:51:45 [main] INFO  o.s.s.c.a.a.c.InitializeUserDetailsBeanManagerConfigurer$InitializeUserDetailsManagerConfigurer - Global AuthenticationManager configured with UserDetailsService bean with name customUserDetailsService
2025-07-18 16:51:45 [main] INFO  c.p.c.config.security.SecurityConfig - Configuring Security Filter Chain
2025-07-18 16:51:46 [main] DEBUG c.p.c.config.security.SecurityConfig - JWT Authentication Filter added to security chain
2025-07-18 16:51:46 [main] INFO  c.p.c.config.security.SecurityConfig - Security Filter Chain configuration completed
2025-07-18 16:51:46 [main] INFO  o.s.b.a.h.H2ConsoleAutoConfiguration - H2 console available at '/h2-console'. Database available at 'jdbc:h2:mem:testdb'
2025-07-18 16:51:46 [main] INFO  o.a.coyote.http11.Http11NioProtocol - Starting ProtocolHandler ["http-nio-8080"]
2025-07-18 16:51:46 [main] INFO  o.s.b.w.e.tomcat.TomcatWebServer - Tomcat started on port 8080 (http) with context path '/'
2025-07-18 16:51:46 [main] INFO  com.projectx.root.RootApplication - Started RootApplication in 4.142 seconds (process running for 4.466)
2025-07-18 16:51:46 [main] INFO  com.projectx.root.RootApplication - Root Application started successfully
2025-07-18 16:52:01 [http-nio-8080-exec-1] INFO  o.a.c.c.C.[Tomcat].[localhost].[/] - Initializing Spring DispatcherServlet 'dispatcherServlet'
2025-07-18 16:52:01 [http-nio-8080-exec-1] INFO  o.s.web.servlet.DispatcherServlet - Initializing Servlet 'dispatcherServlet'
2025-07-18 16:52:01 [http-nio-8080-exec-1] INFO  o.s.web.servlet.DispatcherServlet - Completed initialization in 1 ms
2025-07-18 16:52:01 [http-nio-8080-exec-1] DEBUG c.p.c.c.s.JwtAuthenticationFilter - Processing JWT authentication for request: /api/public
2025-07-18 16:52:01 [http-nio-8080-exec-1] DEBUG c.p.c.c.s.JwtAuthenticationFilter - No valid Authorization header found
